<?xml version="1.0" encoding="utf-8" standalone="no"?>
<!--This file represents the results of running a test suite-->
<test-results name="G:\code\vktr\qaBDD\bin\Debug\qaBDD.dll" total="2" errors="0" failures="0" not-run="0" inconclusive="0" ignored="0" skipped="0" invalid="0" date="2014-08-17" time="11:00:33">
  <environment nunit-version="2.6.3.13283" clr-version="2.0.50727.8009" os-version="Microsoft Windows NT 6.2.9200.0" platform="Win32NT" cwd="G:\code\vktr\qaBDD\bin\Debug" machine-name="VKTR-PC" user="vktr" user-domain="VKTR-PC" />
  <culture-info current-culture="en-US" current-uiculture="en-US" />
  <test-suite type="Assembly" name="G:\code\vktr\qaBDD\bin\Debug\qaBDD.dll" executed="True" result="Success" success="True" time="28.591" asserts="0">
    <results>
      <test-suite type="Namespace" name="qaBDD" executed="True" result="Success" success="True" time="28.578" asserts="0">
        <results>
          <test-suite type="Namespace" name="Features" executed="True" result="Success" success="True" time="25.453" asserts="0">
            <results>
              <test-suite type="TestFixture" name="TestMyHomePageFeature" description="Test my home page" executed="True" result="Success" success="True" time="25.452" asserts="0">
                <results>
                  <test-case name="qaBDD.Features.TestMyHomePageFeature.CheckRegistrationForm" description="CheckRegistrationForm" executed="True" result="Success" success="True" time="25.094" asserts="4">
                    <categories>
                      <category name="mytag" />
                    </categories>
                  </test-case>
                </results>
              </test-suite>
            </results>
          </test-suite>
          <test-suite type="TestFixture" name="PhantomjsTests" executed="True" result="Success" success="True" time="3.111" asserts="0">
            <results>
              <test-case name="qaBDD.PhantomjsTests.should_be_able_to_search_google" executed="True" result="Success" success="True" time="3.110" asserts="1" />
            </results>
          </test-suite>
        </results>
      </test-suite>
    </results>
  </test-suite>
</test-results>